# JRE version: OpenJDK Runtime Environment (8.0_212) (build 1.8.0_212-release-1586-b4-5784211)
# Java VM: OpenJDK 64-Bit Server VM (25.212-b4-5784211 mixed mode linux-amd64 compressed oops)
Heap:
 PSYoungGen      total 425984K, used 12175K [0x00000000e0000000, 0x00000000fca80000, 0x0000000100000000)
  eden space 382464K, 0% used [0x00000000e0000000,0x00000000e0000000,0x00000000f7580000)
  from space 43520K, 27% used [0x00000000f7580000,0x00000000f8163f58,0x00000000fa000000)
  to   space 43520K, 0% used [0x00000000fa000000,0x00000000fa000000,0x00000000fca80000)
 ParOldGen       total 125952K, used 75793K [0x00000000a0000000, 0x00000000a7b00000, 0x00000000e0000000)
  object space 125952K, 60% used [0x00000000a0000000,0x00000000a4a04718,0x00000000a7b00000)
 Metaspace       used 108815K, capacity 113539K, committed 113792K, reserved 1148928K
  class space    used 13900K, capacity 14832K, committed 14976K, reserved 1048576K
GC Heap History (10 events):
Event: 7552.094 GC heap after
Heap after GC invocations=23 (full 4):
 PSYoungGen      total 278528K, used 25545K [0x00000000e0000000, 0x00000000f5e80000, 0x0000000100000000)
  eden space 252928K, 0% used [0x00000000e0000000,0x00000000e0000000,0x00000000ef700000)
  from space 25600K, 99% used [0x00000000f2100000,0x00000000f39f2618,0x00000000f3a00000)
  to   space 37376K, 0% used [0x00000000f3a00000,0x00000000f3a00000,0x00000000f5e80000)
 ParOldGen       total 125952K, used 76915K [0x00000000a0000000, 0x00000000a7b00000, 0x00000000e0000000)
  object space 125952K, 61% used [0x00000000a0000000,0x00000000a4b1cf78,0x00000000a7b00000)
 Metaspace       used 93178K, capacity 97441K, committed 97664K, reserved 1134592K
  class space    used 11940K, capacity 12825K, committed 12928K, reserved 1048576K
}
Event: 7552.094 GC heap before
{Heap before GC invocations=24 (full 5):
 PSYoungGen      total 278528K, used 25545K [0x00000000e0000000, 0x00000000f5e80000, 0x0000000100000000)
  eden space 252928K, 0% used [0x00000000e0000000,0x00000000e0000000,0x00000000ef700000)
  from space 25600K, 99% used [0x00000000f2100000,0x00000000f39f2618,0x00000000f3a00000)
  to   space 37376K, 0% used [0x00000000f3a00000,0x00000000f3a00000,0x00000000f5e80000)
 ParOldGen       total 125952K, used 76915K [0x00000000a0000000, 0x00000000a7b00000, 0x00000000e0000000)
  object space 125952K, 61% used [0x00000000a0000000,0x00000000a4b1cf78,0x00000000a7b00000)
 Metaspace       used 93178K, capacity 97441K, committed 97664K, reserved 1134592K
  class space    used 11940K, capacity 12825K, committed 12928K, reserved 1048576K
Event: 7567.310 GC heap after
Heap after GC invocations=24 (full 5):
 PSYoungGen      total 278528K, used 0K [0x00000000e0000000, 0x00000000f5e80000, 0x0000000100000000)
  eden space 252928K, 0% used [0x00000000e0000000,0x00000000e0000000,0x00000000ef700000)
  from space 25600K, 0% used [0x00000000f2100000,0x00000000f2100000,0x00000000f3a00000)
  to   space 37376K, 0% used [0x00000000f3a00000,0x00000000f3a00000,0x00000000f5e80000)
 ParOldGen       total 125952K, used 66064K [0x00000000a0000000, 0x00000000a7b00000, 0x00000000e0000000)
  object space 125952K, 52% used [0x00000000a0000000,0x00000000a4084018,0x00000000a7b00000)
 Metaspace       used 92064K, capacity 95411K, committed 97664K, reserved 1134592K
  class space    used 11734K, capacity 12434K, committed 12928K, reserved 1048576K
}
Event: 7694.431 GC heap before
{Heap before GC invocations=25 (full 5):
 PSYoungGen      total 278528K, used 252928K [0x00000000e0000000, 0x00000000f5e80000, 0x0000000100000000)
  eden space 252928K, 100% used [0x00000000e0000000,0x00000000ef700000,0x00000000ef700000)
  from space 25600K, 0% used [0x00000000f2100000,0x00000000f2100000,0x00000000f3a00000)
  to   space 37376K, 0% used [0x00000000f3a00000,0x00000000f3a00000,0x00000000f5e80000)
 ParOldGen       total 125952K, used 66064K [0x00000000a0000000, 0x00000000a7b00000, 0x00000000e0000000)
  object space 125952K, 52% used [0x00000000a0000000,0x00000000a4084018,0x00000000a7b00000)
 Metaspace       used 101220K, capacity 104975K, committed 106368K, reserved 1142784K
  class space    used 12913K, capacity 13676K, committed 13952K, reserved 1048576K
Event: 7709.622 GC heap after
Heap after GC invocations=25 (full 5):
 PSYoungGen      total 312320K, used 27545K [0x00000000e0000000, 0x00000000fa480000, 0x0000000100000000)
  eden space 274944K, 0% used [0x00000000e0000000,0x00000000e0000000,0x00000000f0c80000)
  from space 37376K, 73% used [0x00000000f3a00000,0x00000000f54e66d0,0x00000000f5e80000)
  to   space 46592K, 0% used [0x00000000f0c80000,0x00000000f0c80000,0x00000000f3a00000)
 ParOldGen       total 125952K, used 66072K [0x00000000a0000000, 0x00000000a7b00000, 0x00000000e0000000)
  object space 125952K, 52% used [0x00000000a0000000,0x00000000a4086018,0x00000000a7b00000)
 Metaspace       used 101220K, capacity 104975K, committed 106368K, reserved 1142784K
  class space    used 12913K, capacity 13676K, committed 13952K, reserved 1048576K
}
Event: 7729.727 GC heap before
{Heap before GC invocations=26 (full 5):
 PSYoungGen      total 312320K, used 302489K [0x00000000e0000000, 0x00000000fa480000, 0x0000000100000000)
  eden space 274944K, 100% used [0x00000000e0000000,0x00000000f0c80000,0x00000000f0c80000)
  from space 37376K, 73% used [0x00000000f3a00000,0x00000000f54e66d0,0x00000000f5e80000)
  to   space 46592K, 0% used [0x00000000f0c80000,0x00000000f0c80000,0x00000000f3a00000)
 ParOldGen       total 125952K, used 66072K [0x00000000a0000000, 0x00000000a7b00000, 0x00000000e0000000)
  object space 125952K, 52% used [0x00000000a0000000,0x00000000a4086018,0x00000000a7b00000)
 Metaspace       used 106640K, capacity 110801K, committed 111360K, reserved 1146880K
  class space    used 13694K, capacity 14523K, committed 14592K, reserved 1048576K
Event: 7741.786 GC heap after
Heap after GC invocations=26 (full 5):
 PSYoungGen      total 321536K, used 23619K [0x00000000e0000000, 0x00000000fcc80000, 0x0000000100000000)
  eden space 274944K, 0% used [0x00000000e0000000,0x00000000e0000000,0x00000000f0c80000)
  from space 46592K, 50% used [0x00000000f0c80000,0x00000000f2390f10,0x00000000f3a00000)
  to   space 45568K, 0% used [0x00000000fa000000,0x00000000fa000000,0x00000000fcc80000)
 ParOldGen       total 125952K, used 66080K [0x00000000a0000000, 0x00000000a7b00000, 0x00000000e0000000)
  object space 125952K, 52% used [0x00000000a0000000,0x00000000a4088018,0x00000000a7b00000)
 Metaspace       used 106640K, capacity 110801K, committed 111360K, reserved 1146880K
  class space    used 13694K, capacity 14523K, committed 14592K, reserved 1048576K
}
Event: 7747.081 GC heap before
{Heap before GC invocations=27 (full 5):
 PSYoungGen      total 321536K, used 298563K [0x00000000e0000000, 0x00000000fcc80000, 0x0000000100000000)
  eden space 274944K, 100% used [0x00000000e0000000,0x00000000f0c80000,0x00000000f0c80000)
  from space 46592K, 50% used [0x00000000f0c80000,0x00000000f2390f10,0x00000000f3a00000)
  to   space 45568K, 0% used [0x00000000fa000000,0x00000000fa000000,0x00000000fcc80000)
 ParOldGen       total 125952K, used 66080K [0x00000000a0000000, 0x00000000a7b00000, 0x00000000e0000000)
  object space 125952K, 52% used [0x00000000a0000000,0x00000000a4088018,0x00000000a7b00000)
 Metaspace       used 107658K, capacity 111943K, committed 112512K, reserved 1146880K
  class space    used 13768K, capacity 14626K, committed 14720K, reserved 1048576K
Event: 7753.124 GC heap after
Heap after GC invocations=27 (full 5):
 PSYoungGen      total 425984K, used 20466K [0x00000000e0000000, 0x00000000fca80000, 0x0000000100000000)
  eden space 382464K, 0% used [0x00000000e0000000,0x00000000e0000000,0x00000000f7580000)
  from space 43520K, 47% used [0x00000000fa000000,0x00000000fb3fcad0,0x00000000fca80000)
  to   space 43520K, 0% used [0x00000000f7580000,0x00000000f7580000,0x00000000fa000000)
 ParOldGen       total 125952K, used 66088K [0x00000000a0000000, 0x00000000a7b00000, 0x00000000e0000000)
  object space 125952K, 52% used [0x00000000a0000000,0x00000000a408a018,0x00000000a7b00000)
 Metaspace       used 107658K, capacity 111943K, committed 112512K, reserved 1146880K
  class space    used 13768K, capacity 14626K, committed 14720K, reserved 1048576K
}
Event: 7884.712 GC heap before
{Heap before GC invocations=28 (full 5):
 PSYoungGen      total 425984K, used 402930K [0x00000000e0000000, 0x00000000fca80000, 0x0000000100000000)
  eden space 382464K, 100% used [0x00000000e0000000,0x00000000f7580000,0x00000000f7580000)
  from space 43520K, 47% used [0x00000000fa000000,0x00000000fb3fcad0,0x00000000fca80000)
  to   space 43520K, 0% used [0x00000000f7580000,0x00000000f7580000,0x00000000fa000000)
 ParOldGen       total 125952K, used 66088K [0x00000000a0000000, 0x00000000a7b00000, 0x00000000e0000000)
  object space 125952K, 52% used [0x00000000a0000000,0x00000000a408a018,0x00000000a7b00000)
 Metaspace       used 108815K, capacity 113539K, committed 113792K, reserved 1148928K
  class space    used 13900K, capacity 14832K, committed 14976K, reserved 1048576K

